11:07:08.668 logback [main] INFO  c.wangyi.dotaapi.DotaapiApplication - Starting DotaapiApplication on wangyideMacBook-Pro.local with PID 47671 (/Users/wangyi/github/Dota2Analysis/dotaapi/target/classes started by wangyi in /Users/wangyi/github/Dota2Analysis/dotaapi)
11:07:08.671 logback [main] INFO  c.wangyi.dotaapi.DotaapiApplication - No active profile set, falling back to default profiles: default
11:07:09.675 logback [main] INFO  o.s.d.r.c.RepositoryConfigurationDelegate - Multiple Spring Data modules found, entering strict repository configuration mode!
11:07:09.677 logback [main] INFO  o.s.d.r.c.RepositoryConfigurationDelegate - Bootstrapping Spring Data repositories in DEFAULT mode.
11:07:09.705 logback [main] INFO  o.s.d.r.c.RepositoryConfigurationDelegate - Finished Spring Data repository scanning in 15ms. Found 0 repository interfaces.
11:07:10.033 logback [main] INFO  o.s.c.s.PostProcessorRegistrationDelegate$BeanPostProcessorChecker - Bean 'org.springframework.transaction.annotation.ProxyTransactionManagementConfiguration' of type [org.springframework.transaction.annotation.ProxyTransactionManagementConfiguration$$EnhancerBySpringCGLIB$$85011f06] is not eligible for getting processed by all BeanPostProcessors (for example: not eligible for auto-proxying)
11:07:10.050 logback [main] INFO  o.s.c.s.PostProcessorRegistrationDelegate$BeanPostProcessorChecker - Bean 'org.springframework.hateoas.config.HateoasConfiguration' of type [org.springframework.hateoas.config.HateoasConfiguration$$EnhancerBySpringCGLIB$$4816c38] is not eligible for getting processed by all BeanPostProcessors (for example: not eligible for auto-proxying)
11:07:10.372 logback [main] INFO  o.s.b.w.e.tomcat.TomcatWebServer - Tomcat initialized with port(s): 8080 (http)
11:07:10.382 logback [main] INFO  o.a.coyote.http11.Http11NioProtocol - Initializing ProtocolHandler ["http-nio-8080"]
11:07:10.389 logback [main] INFO  o.a.catalina.core.StandardService - Starting service [Tomcat]
11:07:10.389 logback [main] INFO  o.a.catalina.core.StandardEngine - Starting Servlet Engine: Apache Tomcat/9.0.13
11:07:10.394 logback [main] INFO  o.a.c.core.AprLifecycleListener - The APR based Apache Tomcat Native library which allows optimal performance in production environments was not found on the java.library.path: [/Users/wangyi/Library/Java/Extensions:/Library/Java/Extensions:/Network/Library/Java/Extensions:/System/Library/Java/Extensions:/usr/lib/java:.]
11:07:10.463 logback [main] INFO  o.a.c.c.C.[Tomcat].[localhost].[/] - Initializing Spring embedded WebApplicationContext
11:07:10.463 logback [main] INFO  o.s.web.context.ContextLoader - Root WebApplicationContext: initialization completed in 1748 ms
11:07:11.045 logback [main] INFO  c.alibaba.druid.pool.DruidDataSource - {dataSource-1} inited
11:07:11.951 logback [main] INFO  s.d.s.w.PropertySourcedRequestMappingHandlerMapping - Mapped URL path [/v2/api-docs] onto method [public org.springframework.http.ResponseEntity<springfox.documentation.spring.web.json.Json> springfox.documentation.swagger2.web.Swagger2Controller.getDocumentation(java.lang.String,javax.servlet.http.HttpServletRequest)]
11:07:12.095 logback [main] INFO  o.s.s.c.ThreadPoolTaskExecutor - Initializing ExecutorService 'applicationTaskExecutor'
11:07:12.650 logback [main] INFO  s.d.s.w.p.DocumentationPluginsBootstrapper - Context refreshed
11:07:12.665 logback [main] INFO  s.d.s.w.p.DocumentationPluginsBootstrapper - Found 1 custom documentation plugin(s)
11:07:12.697 logback [main] INFO  s.d.s.w.s.ApiListingReferenceScanner - Scanning for api listing references
11:07:12.818 logback [main] INFO  o.a.coyote.http11.Http11NioProtocol - Starting ProtocolHandler ["http-nio-8080"]
11:07:12.835 logback [main] INFO  o.a.tomcat.util.net.NioSelectorPool - Using a shared selector for servlet write/read
11:07:12.850 logback [main] INFO  o.s.b.w.e.tomcat.TomcatWebServer - Tomcat started on port(s): 8080 (http) with context path ''
11:07:12.854 logback [main] INFO  c.wangyi.dotaapi.DotaapiApplication - Started DotaapiApplication in 4.636 seconds (JVM running for 5.168)
11:07:26.913 logback [http-nio-8080-exec-1] INFO  o.a.c.c.C.[Tomcat].[localhost].[/] - Initializing Spring DispatcherServlet 'dispatcherServlet'
11:07:26.913 logback [http-nio-8080-exec-1] INFO  o.s.web.servlet.DispatcherServlet - Initializing Servlet 'dispatcherServlet'
11:07:26.931 logback [http-nio-8080-exec-1] INFO  o.s.web.servlet.DispatcherServlet - Completed initialization in 18 ms
11:07:47.416 logback [Thread-11] INFO  o.s.s.c.ThreadPoolTaskExecutor - Shutting down ExecutorService 'applicationTaskExecutor'
11:07:47.418 logback [Thread-11] INFO  c.alibaba.druid.pool.DruidDataSource - {dataSource-1} closed
