08:39:23.056 logback [main] INFO  c.wangyi.dotaapi.DotaapiApplication - Starting DotaapiApplication on wangyideMacBook-Pro.local with PID 21973 (/Users/wangyi/github/Dota2Analysis/dotaapi/target/classes started by wangyi in /Users/wangyi/github/Dota2Analysis/dotaapi)
08:39:23.058 logback [main] INFO  c.wangyi.dotaapi.DotaapiApplication - No active profile set, falling back to default profiles: default
08:39:24.092 logback [main] INFO  o.s.d.r.c.RepositoryConfigurationDelegate - Multiple Spring Data modules found, entering strict repository configuration mode!
08:39:24.093 logback [main] INFO  o.s.d.r.c.RepositoryConfigurationDelegate - Bootstrapping Spring Data repositories in DEFAULT mode.
08:39:24.125 logback [main] INFO  o.s.d.r.c.RepositoryConfigurationDelegate - Finished Spring Data repository scanning in 20ms. Found 0 repository interfaces.
08:39:24.425 logback [main] INFO  o.s.c.s.PostProcessorRegistrationDelegate$BeanPostProcessorChecker - Bean 'org.springframework.transaction.annotation.ProxyTransactionManagementConfiguration' of type [org.springframework.transaction.annotation.ProxyTransactionManagementConfiguration$$EnhancerBySpringCGLIB$$80390b2e] is not eligible for getting processed by all BeanPostProcessors (for example: not eligible for auto-proxying)
08:39:24.440 logback [main] INFO  o.s.c.s.PostProcessorRegistrationDelegate$BeanPostProcessorChecker - Bean 'org.springframework.hateoas.config.HateoasConfiguration' of type [org.springframework.hateoas.config.HateoasConfiguration$$EnhancerBySpringCGLIB$$ffb95860] is not eligible for getting processed by all BeanPostProcessors (for example: not eligible for auto-proxying)
08:39:24.777 logback [main] INFO  o.s.b.w.e.tomcat.TomcatWebServer - Tomcat initialized with port(s): 8080 (http)
08:39:24.786 logback [main] INFO  o.a.coyote.http11.Http11NioProtocol - Initializing ProtocolHandler ["http-nio-8080"]
08:39:24.793 logback [main] INFO  o.a.catalina.core.StandardService - Starting service [Tomcat]
08:39:24.793 logback [main] INFO  o.a.catalina.core.StandardEngine - Starting Servlet Engine: Apache Tomcat/9.0.13
08:39:24.798 logback [main] INFO  o.a.c.core.AprLifecycleListener - The APR based Apache Tomcat Native library which allows optimal performance in production environments was not found on the java.library.path: [/Users/wangyi/Library/Java/Extensions:/Library/Java/Extensions:/Network/Library/Java/Extensions:/System/Library/Java/Extensions:/usr/lib/java:.]
08:39:24.864 logback [main] INFO  o.a.c.c.C.[Tomcat].[localhost].[/] - Initializing Spring embedded WebApplicationContext
08:39:24.864 logback [main] INFO  o.s.web.context.ContextLoader - Root WebApplicationContext: initialization completed in 1770 ms
08:39:25.605 logback [main] INFO  c.alibaba.druid.pool.DruidDataSource - {dataSource-1} inited
08:39:26.555 logback [main] INFO  s.d.s.w.PropertySourcedRequestMappingHandlerMapping - Mapped URL path [/v2/api-docs] onto method [public org.springframework.http.ResponseEntity<springfox.documentation.spring.web.json.Json> springfox.documentation.swagger2.web.Swagger2Controller.getDocumentation(java.lang.String,javax.servlet.http.HttpServletRequest)]
08:39:26.690 logback [main] INFO  o.s.s.c.ThreadPoolTaskExecutor - Initializing ExecutorService 'applicationTaskExecutor'
08:39:27.154 logback [main] INFO  s.d.s.w.p.DocumentationPluginsBootstrapper - Context refreshed
08:39:27.165 logback [main] INFO  s.d.s.w.p.DocumentationPluginsBootstrapper - Found 1 custom documentation plugin(s)
08:39:27.190 logback [main] INFO  s.d.s.w.s.ApiListingReferenceScanner - Scanning for api listing references
08:39:27.290 logback [main] INFO  o.a.coyote.http11.Http11NioProtocol - Starting ProtocolHandler ["http-nio-8080"]
08:39:27.303 logback [main] INFO  o.a.tomcat.util.net.NioSelectorPool - Using a shared selector for servlet write/read
08:39:27.312 logback [main] INFO  o.s.b.w.e.tomcat.TomcatWebServer - Tomcat started on port(s): 8080 (http) with context path ''
08:39:27.315 logback [main] INFO  c.wangyi.dotaapi.DotaapiApplication - Started DotaapiApplication in 4.715 seconds (JVM running for 5.375)
08:40:55.174 logback [http-nio-8080-exec-1] INFO  o.a.c.c.C.[Tomcat].[localhost].[/] - Initializing Spring DispatcherServlet 'dispatcherServlet'
08:40:55.174 logback [http-nio-8080-exec-1] INFO  o.s.web.servlet.DispatcherServlet - Initializing Servlet 'dispatcherServlet'
08:40:55.189 logback [http-nio-8080-exec-1] INFO  o.s.web.servlet.DispatcherServlet - Completed initialization in 14 ms
08:41:13.395 logback [http-nio-8080-exec-3] INFO  c.w.d.controller.TeamController - 访客: 0:0:0:0:0:0:0:1
08:41:13.447 logback [http-nio-8080-exec-3] INFO  c.w.d.controller.TeamController - 输入阵容: 影魔 远古冰魄  
08:44:50.250 logback [Thread-12] INFO  o.s.s.c.ThreadPoolTaskExecutor - Shutting down ExecutorService 'applicationTaskExecutor'
08:44:50.253 logback [Thread-12] INFO  c.alibaba.druid.pool.DruidDataSource - {dataSource-1} closed
